<?xml version="1.0" encoding="UTF-8"?>
<testsuite name="org.example.JSONReaderTest" tests="2" skipped="0" failures="0" errors="0" timestamp="2025-05-11T12:31:39" hostname="jhno" time="0.039">
  <properties/>
  <testcase name="testReadJSON" classname="org.example.JSONReaderTest" time="0.037"/>
  <testcase name="testIfEmpty" classname="org.example.JSONReaderTest" time="0.001"/>
  <system-out><![CDATA[]]></system-out>
  <system-err><![CDATA[]]></system-err>
</testsuite>
